<?xml version="1.0" encoding="UTF-8"?>
<testsuite xmlns:xsi="http://www.w3.org/2001/XMLSchema-instance" xsi:noNamespaceSchemaLocation="https://maven.apache.org/surefire/maven-surefire-plugin/xsd/surefire-test-report.xsd" version="3.0.2" name="com.DepoDevs.stocket.StocketApplicationTests" time="10.223" tests="1" errors="0" skipped="0" failures="0">
  <properties>
[...]
</properties>
  <testcase name="contextLoads" classname="com.DepoDevs.stocket.StocketApplicationTests" time="0.505">
    <system-out><![CDATA[13:42:40.913 [main] INFO org.springframework.test.context.support.AnnotationConfigContextLoaderUtils -- Could not detect default configuration classes for test class [com.DepoDevs.stocket.StocketApplicationTests]: StocketApplicationTests does not declare any static, non-private, non-final, nested classes annotated with @Configuration.
13:42:41.107 [main] INFO org.springframework.boot.test.context.SpringBootTestContextBootstrapper -- Found @SpringBootConfiguration com.DepoDevs.stocket.StocketApplication for test class com.DepoDevs.stocket.StocketApplicationTests
13:42:41.356 [main] INFO org.springframework.boot.devtools.restart.RestartApplicationListener -- Restart disabled due to context in which it is running
2025-08-30T13:42:41.815+03:00  INFO 3908 --- [stocket] [           main] c.D.stocket.StocketApplicationTests      : Starting StocketApplicationTests using Java 24.0.2 with PID 3908 (started by HP in C:\Users\HP\OneDrive\Documente\stocket)
2025-08-30T13:42:41.817+03:00  INFO 3908 --- [stocket] [           main] c.D.stocket.StocketApplicationTests      : No active profile set, falling back to 1 default profile: "default"
2025-08-30T13:42:43.217+03:00  INFO 3908 --- [stocket] [           main] .s.d.r.c.RepositoryConfigurationDelegate : Multiple Spring Data modules found, entering strict repository configuration mode
2025-08-30T13:42:43.219+03:00  INFO 3908 --- [stocket] [           main] .s.d.r.c.RepositoryConfigurationDelegate : Bootstrapping Spring Data JPA repositories in DEFAULT mode.
2025-08-30T13:42:43.443+03:00  INFO 3908 --- [stocket] [           main] .s.d.r.c.RepositoryConfigurationDelegate : Finished Spring Data repository scanning in 209 ms. Found 5 JPA repository interfaces.
2025-08-30T13:42:43.470+03:00  INFO 3908 --- [stocket] [           main] .s.d.r.c.RepositoryConfigurationDelegate : Multiple Spring Data modules found, entering strict repository configuration mode
2025-08-30T13:42:43.471+03:00  INFO 3908 --- [stocket] [           main] .s.d.r.c.RepositoryConfigurationDelegate : Bootstrapping Spring Data Redis repositories in DEFAULT mode.
2025-08-30T13:42:43.499+03:00  INFO 3908 --- [stocket] [           main] .RepositoryConfigurationExtensionSupport : Spring Data Redis - Could not safely identify store assignment for repository candidate interface com.DepoDevs.stocket.repo.CartItemRepository; If you want this repository to be a Redis repository, consider annotating your entities with one of these annotations: org.springframework.data.redis.core.RedisHash (preferred), or consider extending one of the following types with your repository: org.springframework.data.keyvalue.repository.KeyValueRepository
2025-08-30T13:42:43.500+03:00  INFO 3908 --- [stocket] [           main] .RepositoryConfigurationExtensionSupport : Spring Data Redis - Could not safely identify store assignment for repository candidate interface com.DepoDevs.stocket.repo.CategoryRepository; If you want this repository to be a Redis repository, consider annotating your entities with one of these annotations: org.springframework.data.redis.core.RedisHash (preferred), or consider extending one of the following types with your repository: org.springframework.data.keyvalue.repository.KeyValueRepository
2025-08-30T13:42:43.501+03:00  INFO 3908 --- [stocket] [           main] .RepositoryConfigurationExtensionSupport : Spring Data Redis - Could not safely identify store assignment for repository candidate interface com.DepoDevs.stocket.repo.CustomerRepository; If you want this repository to be a Redis repository, consider annotating your entities with one of these annotations: org.springframework.data.redis.core.RedisHash (preferred), or consider extending one of the following types with your repository: org.springframework.data.keyvalue.repository.KeyValueRepository
2025-08-30T13:42:43.501+03:00  INFO 3908 --- [stocket] [           main] .RepositoryConfigurationExtensionSupport : Spring Data Redis - Could not safely identify store assignment for repository candidate interface com.DepoDevs.stocket.repo.ProductRepository; If you want this repository to be a Redis repository, consider annotating your entities with one of these annotations: org.springframework.data.redis.core.RedisHash (preferred), or consider extending one of the following types with your repository: org.springframework.data.keyvalue.repository.KeyValueRepository
2025-08-30T13:42:43.501+03:00  INFO 3908 --- [stocket] [           main] .RepositoryConfigurationExtensionSupport : Spring Data Redis - Could not safely identify store assignment for repository candidate interface com.DepoDevs.stocket.repo.UserRepository; If you want this repository to be a Redis repository, consider annotating your entities with one of these annotations: org.springframework.data.redis.core.RedisHash (preferred), or consider extending one of the following types with your repository: org.springframework.data.keyvalue.repository.KeyValueRepository
2025-08-30T13:42:43.501+03:00  INFO 3908 --- [stocket] [           main] .s.d.r.c.RepositoryConfigurationDelegate : Finished Spring Data repository scanning in 13 ms. Found 0 Redis repository interfaces.
2025-08-30T13:42:45.000+03:00  INFO 3908 --- [stocket] [           main] o.hibernate.jpa.internal.util.LogHelper  : HHH000204: Processing PersistenceUnitInfo [name: default]
2025-08-30T13:42:45.093+03:00  INFO 3908 --- [stocket] [           main] org.hibernate.Version                    : HHH000412: Hibernate ORM core version 6.6.18.Final
2025-08-30T13:42:45.142+03:00  INFO 3908 --- [stocket] [           main] o.h.c.internal.RegionFactoryInitiator    : HHH000026: Second-level cache disabled
2025-08-30T13:42:45.555+03:00  INFO 3908 --- [stocket] [           main] o.s.o.j.p.SpringPersistenceUnitInfo      : No LoadTimeWeaver setup: ignoring JPA class transformer
2025-08-30T13:42:45.596+03:00  INFO 3908 --- [stocket] [           main] com.zaxxer.hikari.HikariDataSource       : HikariPool-1 - Starting...
2025-08-30T13:42:46.082+03:00  INFO 3908 --- [stocket] [           main] com.zaxxer.hikari.pool.HikariPool        : HikariPool-1 - Added connection com.mysql.cj.jdbc.ConnectionImpl@b63365c
2025-08-30T13:42:46.084+03:00  INFO 3908 --- [stocket] [           main] com.zaxxer.hikari.HikariDataSource       : HikariPool-1 - Start completed.
2025-08-30T13:42:46.237+03:00  INFO 3908 --- [stocket] [           main] org.hibernate.orm.connections.pooling    : HHH10001005: Database info:
	Database JDBC URL [Connecting through datasource 'HikariDataSource (HikariPool-1)']
	Database driver: undefined/unknown
	Database version: 8.0.15
	Autocommit mode: undefined/unknown
	Isolation level: undefined/unknown
	Minimum pool size: undefined/unknown
	Maximum pool size: undefined/unknown
2025-08-30T13:42:47.532+03:00  INFO 3908 --- [stocket] [           main] o.h.e.t.j.p.i.JtaPlatformInitiator       : HHH000489: No JTA platform available (set 'hibernate.transaction.jta.platform' to enable JTA platform integration)
2025-08-30T13:42:47.630+03:00  INFO 3908 --- [stocket] [           main] j.LocalContainerEntityManagerFactoryBean : Initialized JPA EntityManagerFactory for persistence unit 'default'
2025-08-30T13:42:49.029+03:00  WARN 3908 --- [stocket] [           main] JpaBaseConfiguration$JpaWebConfiguration : spring.jpa.open-in-view is enabled by default. Therefore, database queries may be performed during view rendering. Explicitly configure spring.jpa.open-in-view to disable this warning
2025-08-30T13:42:49.380+03:00  INFO 3908 --- [stocket] [           main] eAuthenticationProviderManagerConfigurer : Global AuthenticationManager configured with AuthenticationProvider bean with name authenticationProvider
2025-08-30T13:42:49.381+03:00  WARN 3908 --- [stocket] [           main] r$InitializeUserDetailsManagerConfigurer : Global AuthenticationManager configured with an AuthenticationProvider bean. UserDetailsService beans will not be used by Spring Security for automatically configuring username/password login. Consider removing the AuthenticationProvider bean. Alternatively, consider using the UserDetailsService in a manually instantiated DaoAuthenticationProvider. If the current configuration is intentional, to turn off this warning, increase the logging level of 'org.springframework.security.config.annotation.authentication.configuration.InitializeUserDetailsBeanManagerConfigurer' to ERROR
2025-08-30T13:42:50.411+03:00  INFO 3908 --- [stocket] [           main] c.D.stocket.StocketApplicationTests      : Started StocketApplicationTests in 9.071 seconds (process running for 10.569)
2025-08-30T13:42:50.649+03:00 DEBUG 3908 --- [stocket] [   scheduling-1] org.hibernate.SQL                        : select u1_0.id,u1_0.created_at,u1_0.enabled,u1_0.password,u1_0.authorities,u1_0.username from user u1_0 where not(u1_0.enabled) and u1_0.created_at<?
2025-08-30T13:42:50.653+03:00 TRACE 3908 --- [stocket] [   scheduling-1] org.hibernate.orm.jdbc.bind              : binding parameter (1:TIMESTAMP) <- [2025-08-30T13:37:50.419366800]
]]></system-out>
    <system-err><![CDATA[Mockito is currently self-attaching to enable the inline-mock-maker. This will no longer work in future releases of the JDK. Please add Mockito as an agent to your build as described in Mockito's documentation: https://javadoc.io/doc/org.mockito/mockito-core/latest/org.mockito/org/mockito/Mockito.html#0.3
WARNING: A Java agent has been loaded dynamically (C:\Users\HP\.m2\repository\net\bytebuddy\byte-buddy-agent\1.17.6\byte-buddy-agent-1.17.6.jar)
WARNING: If a serviceability tool is in use, please run with -XX:+EnableDynamicAgentLoading to hide this warning
WARNING: If a serviceability tool is not in use, please run with -Djdk.instrument.traceUsage for more information
WARNING: Dynamic loading of agents will be disallowed by default in a future release
]]></system-err>
  </testcase>
</testsuite>